[2023-08-30 23:48:58,537] torch.distributed.run: [WARNING] master_addr is only used for static rdzv_backend and when rdzv_endpoint is not specified.
[2023-08-30 23:48:58,537] torch.distributed.run: [WARNING] 
[2023-08-30 23:48:58,537] torch.distributed.run: [WARNING] *****************************************
[2023-08-30 23:48:58,537] torch.distributed.run: [WARNING] Setting OMP_NUM_THREADS environment variable for each process to be 1 in default, to avoid your system being overloaded, please further tune the variable for optimal performance in your application as needed. 
[2023-08-30 23:48:58,537] torch.distributed.run: [WARNING] *****************************************
[2023-08-30 23:49:03,460] [INFO] [real_accelerator.py:158:get_accelerator] Setting ds_accelerator to cuda (auto detect)
[2023-08-30 23:49:03,665] [INFO] [real_accelerator.py:158:get_accelerator] Setting ds_accelerator to cuda (auto detect)
[2023-08-30 23:49:06,653] [INFO] [comm.py:631:init_distributed] cdb=None
[2023-08-30 23:49:06,653] [INFO] [comm.py:662:init_distributed] Initializing TorchBackend in DeepSpeed with backend nccl
[2023-08-30 23:49:06,937] [INFO] [comm.py:631:init_distributed] cdb=None
/scratch/weif/work/pytorch/torch/nn/modules/transformer.py:282: UserWarning: enable_nested_tensor is True, but self.use_nested_tensor is False because encoder_layer.self_attn.batch_first was not True(use batch_first for better inference performance)
  warnings.warn(f"enable_nested_tensor is True, but self.use_nested_tensor is False because {why_not_sparsity_fast_path}")
[2023-08-30 23:49:08,656] [INFO] [logging.py:96:log_dist] [Rank 0] DeepSpeed info: version=0.10.1, git-hash=unknown, git-branch=unknown
/scratch/weif/work/pytorch/torch/nn/modules/transformer.py:282: UserWarning: enable_nested_tensor is True, but self.use_nested_tensor is False because encoder_layer.self_attn.batch_first was not True(use batch_first for better inference performance)
  warnings.warn(f"enable_nested_tensor is True, but self.use_nested_tensor is False because {why_not_sparsity_fast_path}")
[2023-08-30 23:49:11,512] [INFO] [logging.py:96:log_dist] [Rank 0] DeepSpeed Flops Profiler Enabled: False
Using /data/home/weif/.cache/torch_extensions/py310_cu118 as PyTorch extensions root...
Using /data/home/weif/.cache/torch_extensions/py310_cu118 as PyTorch extensions root...
Detected CUDA files, patching ldflags
Emitting ninja build file /data/home/weif/.cache/torch_extensions/py310_cu118/fused_adam/build.ninja...
Building extension module fused_adam...
Allowing ninja to set a default number of workers... (overridable by setting the environment variable MAX_JOBS=N)
ninja: no work to do.
Loading extension module fused_adam...
Time to load fused_adam op: 0.25031423568725586 seconds
/fsx/users/weif/conda/lib/python3.10/site-packages/deepspeed/ops/adam/fused_adam.py:96: UserWarning: The torch.cuda.*DtypeTensor constructors are no longer recommended. It's best to use methods such as torch.tensor(data, dtype=*, device='cuda') to create tensors. (Triggered internally at /scratch/weif/work/pytorch/torch/csrc/tensor/python_tensor.cpp:85.)
  self._dummy_overflow_buf = get_accelerator().IntTensor([0])
Loading extension module fused_adam...
Time to load fused_adam op: 0.3074452877044678 seconds
/fsx/users/weif/conda/lib/python3.10/site-packages/deepspeed/ops/adam/fused_adam.py:96: UserWarning: The torch.cuda.*DtypeTensor constructors are no longer recommended. It's best to use methods such as torch.tensor(data, dtype=*, device='cuda') to create tensors. (Triggered internally at /scratch/weif/work/pytorch/torch/csrc/tensor/python_tensor.cpp:85.)
  self._dummy_overflow_buf = get_accelerator().IntTensor([0])
[2023-08-30 23:49:12,880] [INFO] [logging.py:96:log_dist] [Rank 0] Using DeepSpeed Optimizer param name adam as basic optimizer
[2023-08-30 23:49:12,881] [INFO] [logging.py:96:log_dist] [Rank 0] DeepSpeed Basic Optimizer = FusedAdam
[2023-08-30 23:49:12,881] [INFO] [utils.py:54:is_zero_supported_optimizer] Checking ZeRO support for optimizer=FusedAdam type=<class 'deepspeed.ops.adam.fused_adam.FusedAdam'>
[2023-08-30 23:49:12,881] [INFO] [logging.py:96:log_dist] [Rank 0] Creating fp16 ZeRO stage 3 optimizer, MiCS is enabled False, Hierarchical params gather False
[2023-08-30 23:49:12,881] [INFO] [logging.py:96:log_dist] [Rank 0] Creating torch.float16 ZeRO stage 3 optimizer
[2023-08-30 23:49:13,010] [INFO] [utils.py:803:see_memory_usage] Stage 3 initialize beginning
[2023-08-30 23:49:13,011] [INFO] [utils.py:804:see_memory_usage] MA 0.08 GB         Max_MA 0.23 GB         CA 0.24 GB         Max_CA 0 GB 
[2023-08-30 23:49:13,011] [INFO] [utils.py:811:see_memory_usage] CPU Virtual Memory:  used = 59.76 GB, percent = 5.3%
[2023-08-30 23:49:13,011] [INFO] [stage3.py:123:__init__] Reduce bucket size 500,000,000
[2023-08-30 23:49:13,011] [INFO] [stage3.py:124:__init__] Prefetch bucket size 50,000,000
[2023-08-30 23:49:13,123] [INFO] [utils.py:803:see_memory_usage] DeepSpeedZeRoOffload initialize [begin]
[2023-08-30 23:49:13,124] [INFO] [utils.py:804:see_memory_usage] MA 0.08 GB         Max_MA 0.08 GB         CA 0.24 GB         Max_CA 0 GB 
[2023-08-30 23:49:13,124] [INFO] [utils.py:811:see_memory_usage] CPU Virtual Memory:  used = 59.76 GB, percent = 5.3%
Parameter Offload: Total persistent parameters: 61440 in 44 params
[2023-08-30 23:49:13,442] [INFO] [utils.py:803:see_memory_usage] DeepSpeedZeRoOffload initialize [end]
[2023-08-30 23:49:13,442] [INFO] [utils.py:804:see_memory_usage] MA 0.04 GB         Max_MA 0.08 GB         CA 0.25 GB         Max_CA 0 GB 
[2023-08-30 23:49:13,443] [INFO] [utils.py:811:see_memory_usage] CPU Virtual Memory:  used = 59.88 GB, percent = 5.3%
[2023-08-30 23:49:13,557] [INFO] [utils.py:803:see_memory_usage] Before creating fp16 partitions
[2023-08-30 23:49:13,558] [INFO] [utils.py:804:see_memory_usage] MA 0.04 GB         Max_MA 0.04 GB         CA 0.25 GB         Max_CA 0 GB 
[2023-08-30 23:49:13,558] [INFO] [utils.py:811:see_memory_usage] CPU Virtual Memory:  used = 59.88 GB, percent = 5.3%
[2023-08-30 23:49:13,855] [INFO] [utils.py:803:see_memory_usage] After creating fp16 partitions: 1
[2023-08-30 23:49:13,856] [INFO] [utils.py:804:see_memory_usage] MA 0.04 GB         Max_MA 0.04 GB         CA 0.04 GB         Max_CA 0 GB 
[2023-08-30 23:49:13,856] [INFO] [utils.py:811:see_memory_usage] CPU Virtual Memory:  used = 59.9 GB, percent = 5.3%
[2023-08-30 23:49:13,967] [INFO] [utils.py:803:see_memory_usage] Before creating fp32 partitions
[2023-08-30 23:49:13,968] [INFO] [utils.py:804:see_memory_usage] MA 0.04 GB         Max_MA 0.04 GB         CA 0.04 GB         Max_CA 0 GB 
[2023-08-30 23:49:13,968] [INFO] [utils.py:811:see_memory_usage] CPU Virtual Memory:  used = 59.9 GB, percent = 5.3%
[2023-08-30 23:49:14,080] [INFO] [utils.py:803:see_memory_usage] After creating fp32 partitions
[2023-08-30 23:49:14,081] [INFO] [utils.py:804:see_memory_usage] MA 0.12 GB         Max_MA 0.16 GB         CA 0.16 GB         Max_CA 0 GB 
[2023-08-30 23:49:14,081] [INFO] [utils.py:811:see_memory_usage] CPU Virtual Memory:  used = 59.9 GB, percent = 5.3%
[2023-08-30 23:49:14,191] [INFO] [utils.py:803:see_memory_usage] Before initializing optimizer states
[2023-08-30 23:49:14,191] [INFO] [utils.py:804:see_memory_usage] MA 0.12 GB         Max_MA 0.12 GB         CA 0.16 GB         Max_CA 0 GB 
[2023-08-30 23:49:14,192] [INFO] [utils.py:811:see_memory_usage] CPU Virtual Memory:  used = 59.9 GB, percent = 5.3%
[2023-08-30 23:49:14,304] [INFO] [utils.py:803:see_memory_usage] After initializing optimizer states
[2023-08-30 23:49:14,305] [INFO] [utils.py:804:see_memory_usage] MA 0.27 GB         Max_MA 0.35 GB         CA 0.4 GB         Max_CA 0 GB 
[2023-08-30 23:49:14,305] [INFO] [utils.py:811:see_memory_usage] CPU Virtual Memory:  used = 59.9 GB, percent = 5.3%
[2023-08-30 23:49:14,306] [INFO] [stage3.py:431:_setup_for_real_optimizer] optimizer state initialized
[2023-08-30 23:49:14,505] [INFO] [utils.py:803:see_memory_usage] After initializing ZeRO optimizer
[2023-08-30 23:49:14,506] [INFO] [utils.py:804:see_memory_usage] MA 1.24 GB         Max_MA 1.26 GB         CA 1.34 GB         Max_CA 1 GB 
[2023-08-30 23:49:14,506] [INFO] [utils.py:811:see_memory_usage] CPU Virtual Memory:  used = 59.9 GB, percent = 5.3%
[2023-08-30 23:49:14,506] [INFO] [logging.py:96:log_dist] [Rank 0] DeepSpeed Final Optimizer = adam
[2023-08-30 23:49:14,506] [INFO] [logging.py:96:log_dist] [Rank 0] DeepSpeed using client LR scheduler
[2023-08-30 23:49:14,506] [INFO] [logging.py:96:log_dist] [Rank 0] DeepSpeed LR Scheduler = None
[2023-08-30 23:49:14,506] [INFO] [logging.py:96:log_dist] [Rank 0] step=0, skipped=0, lr=[0.00015], mom=[(0.9, 0.999)]
[2023-08-30 23:49:14,507] [INFO] [config.py:960:print] DeepSpeedEngine configuration:
[2023-08-30 23:49:14,507] [INFO] [config.py:964:print]   activation_checkpointing_config  {
    "partition_activations": true, 
    "contiguous_memory_optimization": false, 
    "cpu_checkpointing": false, 
    "number_checkpoints": 100, 
    "synchronize_checkpoint_boundary": false, 
    "profile": false
}
[2023-08-30 23:49:14,507] [INFO] [config.py:964:print]   aio_config ................... {'block_size': 1048576, 'queue_depth': 8, 'thread_count': 1, 'single_submit': False, 'overlap_events': True}
[2023-08-30 23:49:14,507] [INFO] [config.py:964:print]   amp_enabled .................. False
[2023-08-30 23:49:14,507] [INFO] [config.py:964:print]   amp_params ................... False
[2023-08-30 23:49:14,507] [INFO] [config.py:964:print]   autotuning_config ............ {
    "enabled": false, 
    "start_step": null, 
    "end_step": null, 
    "metric_path": null, 
    "arg_mappings": null, 
    "metric": "throughput", 
    "model_info": null, 
    "results_dir": "autotuning_results", 
    "exps_dir": "autotuning_exps", 
    "overwrite": true, 
    "fast": true, 
    "start_profile_step": 3, 
    "end_profile_step": 5, 
    "tuner_type": "gridsearch", 
    "tuner_early_stopping": 5, 
    "tuner_num_trials": 50, 
    "model_info_path": null, 
    "mp_size": 1, 
    "max_train_batch_size": null, 
    "min_train_batch_size": 1, 
    "max_train_micro_batch_size_per_gpu": 1.024000e+03, 
    "min_train_micro_batch_size_per_gpu": 1, 
    "num_tuning_micro_batch_sizes": 3
}
[2023-08-30 23:49:14,507] [INFO] [config.py:964:print]   bfloat16_enabled ............. False
[2023-08-30 23:49:14,507] [INFO] [config.py:964:print]   checkpoint_parallel_write_pipeline  False
[2023-08-30 23:49:14,507] [INFO] [config.py:964:print]   checkpoint_tag_validation_enabled  True
[2023-08-30 23:49:14,507] [INFO] [config.py:964:print]   checkpoint_tag_validation_fail  False
[2023-08-30 23:49:14,507] [INFO] [config.py:964:print]   comms_config ................. <deepspeed.comm.config.DeepSpeedCommsConfig object at 0x7fc58c7554b0>
[2023-08-30 23:49:14,507] [INFO] [config.py:964:print]   communication_data_type ...... None
[2023-08-30 23:49:14,507] [INFO] [config.py:964:print]   compression_config ........... {'weight_quantization': {'shared_parameters': {'enabled': False, 'quantizer_kernel': False, 'schedule_offset': 0, 'quantize_groups': 1, 'quantize_verbose': False, 'quantization_type': 'symmetric', 'quantize_weight_in_forward': False, 'rounding': 'nearest', 'fp16_mixed_quantize': False, 'quantize_change_ratio': 0.001}, 'different_groups': {}}, 'activation_quantization': {'shared_parameters': {'enabled': False, 'quantization_type': 'symmetric', 'range_calibration': 'dynamic', 'schedule_offset': 1000}, 'different_groups': {}}, 'sparse_pruning': {'shared_parameters': {'enabled': False, 'method': 'l1', 'schedule_offset': 1000}, 'different_groups': {}}, 'row_pruning': {'shared_parameters': {'enabled': False, 'method': 'l1', 'schedule_offset': 1000}, 'different_groups': {}}, 'head_pruning': {'shared_parameters': {'enabled': False, 'method': 'topk', 'schedule_offset': 1000}, 'different_groups': {}}, 'channel_pruning': {'shared_parameters': {'enabled': False, 'method': 'l1', 'schedule_offset': 1000}, 'different_groups': {}}, 'layer_reduction': {'enabled': False}}
[2023-08-30 23:49:14,507] [INFO] [config.py:964:print]   curriculum_enabled_legacy .... False
[2023-08-30 23:49:14,507] [INFO] [config.py:964:print]   curriculum_params_legacy ..... False
[2023-08-30 23:49:14,507] [INFO] [config.py:964:print]   data_efficiency_config ....... {'enabled': False, 'seed': 1234, 'data_sampling': {'enabled': False, 'num_epochs': 1000, 'num_workers': 0, 'curriculum_learning': {'enabled': False}}, 'data_routing': {'enabled': False, 'random_ltd': {'enabled': False, 'layer_token_lr_schedule': {'enabled': False}}}}
[2023-08-30 23:49:14,507] [INFO] [config.py:964:print]   data_efficiency_enabled ...... False
[2023-08-30 23:49:14,507] [INFO] [config.py:964:print]   dataloader_drop_last ......... False
[2023-08-30 23:49:14,507] [INFO] [config.py:964:print]   disable_allgather ............ False
[2023-08-30 23:49:14,507] [INFO] [config.py:964:print]   dump_state ................... False
[2023-08-30 23:49:14,508] [INFO] [config.py:964:print]   dynamic_loss_scale_args ...... None
[2023-08-30 23:49:14,508] [INFO] [config.py:964:print]   eigenvalue_enabled ........... False
[2023-08-30 23:49:14,508] [INFO] [config.py:964:print]   eigenvalue_gas_boundary_resolution  1
[2023-08-30 23:49:14,508] [INFO] [config.py:964:print]   eigenvalue_layer_name ........ bert.encoder.layer
[2023-08-30 23:49:14,508] [INFO] [config.py:964:print]   eigenvalue_layer_num ......... 0
[2023-08-30 23:49:14,508] [INFO] [config.py:964:print]   eigenvalue_max_iter .......... 100
[2023-08-30 23:49:14,508] [INFO] [config.py:964:print]   eigenvalue_stability ......... 1e-06
[2023-08-30 23:49:14,508] [INFO] [config.py:964:print]   eigenvalue_tol ............... 0.01
[2023-08-30 23:49:14,508] [INFO] [config.py:964:print]   eigenvalue_verbose ........... False
[2023-08-30 23:49:14,508] [INFO] [config.py:964:print]   elasticity_enabled ........... False
[2023-08-30 23:49:14,508] [INFO] [config.py:964:print]   flops_profiler_config ........ {
    "enabled": false, 
    "recompute_fwd_factor": 0.0, 
    "profile_step": 1, 
    "module_depth": -1, 
    "top_modules": 1, 
    "detailed": true, 
    "output_file": null
}
[2023-08-30 23:49:14,508] [INFO] [config.py:964:print]   fp16_auto_cast ............... True
[2023-08-30 23:49:14,508] [INFO] [config.py:964:print]   fp16_enabled ................. True
[2023-08-30 23:49:14,508] [INFO] [config.py:964:print]   fp16_master_weights_and_gradients  False
[2023-08-30 23:49:14,508] [INFO] [config.py:964:print]   global_rank .................. 0
[2023-08-30 23:49:14,508] [INFO] [config.py:964:print]   grad_accum_dtype ............. None
[2023-08-30 23:49:14,508] [INFO] [config.py:964:print]   gradient_accumulation_steps .. 1
[2023-08-30 23:49:14,508] [INFO] [config.py:964:print]   gradient_clipping ............ 0.0
[2023-08-30 23:49:14,508] [INFO] [config.py:964:print]   gradient_predivide_factor .... 1.0
[2023-08-30 23:49:14,508] [INFO] [config.py:964:print]   hybrid_engine ................ enabled=False max_out_tokens=512 inference_tp_size=1 release_inference_cache=False pin_parameters=True tp_gather_partition_size=8
[2023-08-30 23:49:14,508] [INFO] [config.py:964:print]   initial_dynamic_scale ........ 65536
[2023-08-30 23:49:14,508] [INFO] [config.py:964:print]   load_universal_checkpoint .... False
[2023-08-30 23:49:14,508] [INFO] [config.py:964:print]   loss_scale ................... 0
[2023-08-30 23:49:14,508] [INFO] [config.py:964:print]   memory_breakdown ............. False
[2023-08-30 23:49:14,508] [INFO] [config.py:964:print]   mics_hierarchial_params_gather  False
[2023-08-30 23:49:14,508] [INFO] [config.py:964:print]   mics_shard_size .............. -1
[2023-08-30 23:49:14,508] [INFO] [config.py:964:print]   monitor_config ............... tensorboard=TensorBoardConfig(enabled=False, output_path='', job_name='DeepSpeedJobName') wandb=WandbConfig(enabled=False, group=None, team=None, project='deepspeed') csv_monitor=CSVConfig(enabled=False, output_path='', job_name='DeepSpeedJobName') enabled=False
[2023-08-30 23:49:14,508] [INFO] [config.py:964:print]   nebula_config ................ {
    "enabled": false, 
    "persistent_storage_path": null, 
    "persistent_time_interval": 100, 
    "num_of_version_in_retention": 2, 
    "enable_nebula_load": true, 
    "load_path": null
}
[2023-08-30 23:49:14,508] [INFO] [config.py:964:print]   optimizer_legacy_fusion ...... False
[2023-08-30 23:49:14,508] [INFO] [config.py:964:print]   optimizer_name ............... adam
[2023-08-30 23:49:14,508] [INFO] [config.py:964:print]   optimizer_params ............. {'lr': 0.00015}
[2023-08-30 23:49:14,508] [INFO] [config.py:964:print]   pipeline ..................... {'stages': 'auto', 'partition': 'best', 'seed_layers': False, 'activation_checkpoint_interval': 0}
[2023-08-30 23:49:14,508] [INFO] [config.py:964:print]   pld_enabled .................. False
[2023-08-30 23:49:14,508] [INFO] [config.py:964:print]   pld_params ................... False
[2023-08-30 23:49:14,508] [INFO] [config.py:964:print]   prescale_gradients ........... False
[2023-08-30 23:49:14,508] [INFO] [config.py:964:print]   scheduler_name ............... None
[2023-08-30 23:49:14,508] [INFO] [config.py:964:print]   scheduler_params ............. None
[2023-08-30 23:49:14,508] [INFO] [config.py:964:print]   sparse_attention ............. None
[2023-08-30 23:49:14,508] [INFO] [config.py:964:print]   sparse_gradients_enabled ..... False
[2023-08-30 23:49:14,508] [INFO] [config.py:964:print]   steps_per_print .............. 10
[2023-08-30 23:49:14,508] [INFO] [config.py:964:print]   train_batch_size ............. 8
[2023-08-30 23:49:14,508] [INFO] [config.py:964:print]   train_micro_batch_size_per_gpu  4
[2023-08-30 23:49:14,508] [INFO] [config.py:964:print]   use_node_local_storage ....... False
[2023-08-30 23:49:14,508] [INFO] [config.py:964:print]   wall_clock_breakdown ......... False
[2023-08-30 23:49:14,509] [INFO] [config.py:964:print]   world_size ................... 2
[2023-08-30 23:49:14,509] [INFO] [config.py:964:print]   zero_allow_untested_optimizer  False
[2023-08-30 23:49:14,509] [INFO] [config.py:964:print]   zero_config .................. stage=3 contiguous_gradients=True reduce_scatter=True reduce_bucket_size=500,000,000 allgather_partitions=True allgather_bucket_size=500,000,000 overlap_comm=True load_from_fp32_weights=True elastic_checkpoint=False offload_param=None offload_optimizer=None sub_group_size=1,000,000,000 cpu_offload_param=None cpu_offload_use_pin_memory=None cpu_offload=None prefetch_bucket_size=50,000,000 param_persistence_threshold=100,000 model_persistence_threshold=sys.maxsize max_live_parameters=1,000,000,000 max_reuse_distance=1,000,000,000 gather_16bit_weights_on_model_save=False stage3_gather_fp16_weights_on_model_save=False ignore_unused_parameters=True legacy_stage1=False round_robin_gradients=False zero_hpz_partition_size=1 zero_quantized_weights=False zero_quantized_gradients=False mics_shard_size=-1 mics_hierarchical_params_gather=False memory_efficient_linear=True pipeline_loading_checkpoint=False override_module_apply=True
[2023-08-30 23:49:14,509] [INFO] [config.py:964:print]   zero_enabled ................. True
[2023-08-30 23:49:14,509] [INFO] [config.py:964:print]   zero_force_ds_cpu_optimizer .. True
[2023-08-30 23:49:14,509] [INFO] [config.py:964:print]   zero_optimization_stage ...... 3
[2023-08-30 23:49:14,509] [INFO] [config.py:950:print_user_config]   json = {
    "train_batch_size": 8, 
    "fp16": {
        "enabled": true, 
        "auto_cast": true
    }, 
    "optimizer": {
        "type": "Adam", 
        "params": {
            "lr": 0.00015
        }
    }, 
    "zero_optimization": {
        "stage": 3, 
        "allgather_partitions": true, 
        "reduce_scatter": true, 
        "overlap_comm": true
    }, 
    "activation_checkpointing": {
        "partition_activations": true, 
        "number_checkpoints": 100, 
        "cpu_checkpointing": false
    }
}
wrapped model:
 DeepSpeedEngine(
  (module): Transformer(
    (encoder): TransformerEncoder(
      (layers): ModuleList(
        (0-1): 2 x TransformerEncoderLayer(
          (self_attn): MultiheadAttention(
            (out_proj): NonDynamicallyQuantizableLinear(in_features=1024, out_features=1024, bias=True)
          )
          (linear1): Linear(in_features=1024, out_features=2048, bias=True)
          (dropout): Dropout(p=0.1, inplace=False)
          (linear2): Linear(in_features=2048, out_features=1024, bias=True)
          (norm1): LayerNorm((1024,), eps=1e-05, elementwise_affine=True)
          (norm2): LayerNorm((1024,), eps=1e-05, elementwise_affine=True)
          (dropout1): Dropout(p=0.1, inplace=False)
          (dropout2): Dropout(p=0.1, inplace=False)
        )
      )
      (norm): LayerNorm((1024,), eps=1e-05, elementwise_affine=True)
    )
    (decoder): TransformerDecoder(
      (layers): ModuleList(
        (0-1): 2 x TransformerDecoderLayer(
          (self_attn): MultiheadAttention(
            (out_proj): NonDynamicallyQuantizableLinear(in_features=1024, out_features=1024, bias=True)
          )
          (multihead_attn): MultiheadAttention(
            (out_proj): NonDynamicallyQuantizableLinear(in_features=1024, out_features=1024, bias=True)
          )
          (linear1): Linear(in_features=1024, out_features=2048, bias=True)
          (dropout): Dropout(p=0.1, inplace=False)
          (linear2): Linear(in_features=2048, out_features=1024, bias=True)
          (norm1): LayerNorm((1024,), eps=1e-05, elementwise_affine=True)
          (norm2): LayerNorm((1024,), eps=1e-05, elementwise_affine=True)
          (norm3): LayerNorm((1024,), eps=1e-05, elementwise_affine=True)
          (dropout1): Dropout(p=0.1, inplace=False)
          (dropout2): Dropout(p=0.1, inplace=False)
          (dropout3): Dropout(p=0.1, inplace=False)
        )
      )
      (norm): LayerNorm((1024,), eps=1e-05, elementwise_affine=True)
    )
  )
)
[2023-08-30 23:49:17,181] [INFO] [loss_scaler.py:183:update_scale] [deepspeed] OVERFLOW! Rank 0 Skipping step. Attempted loss scale: 4294967296, reducing to 2147483648
[2023-08-30 23:49:17,397] [INFO] [loss_scaler.py:183:update_scale] [deepspeed] OVERFLOW! Rank 0 Skipping step. Attempted loss scale: 2147483648, reducing to 1073741824
[2023-08-30 23:49:18,388] [INFO] [loss_scaler.py:183:update_scale] [deepspeed] OVERFLOW! Rank 0 Skipping step. Attempted loss scale: 1073741824, reducing to 536870912
[2023-08-30 23:49:18,576] [INFO] [loss_scaler.py:183:update_scale] [deepspeed] OVERFLOW! Rank 0 Skipping step. Attempted loss scale: 536870912, reducing to 268435456
STAGE:2023-08-30 23:49:18 434280:434280 ActivityProfilerController.cpp:312] Completed Stage: Warm Up
[2023-08-30 23:49:18,902] [INFO] [loss_scaler.py:183:update_scale] [deepspeed] OVERFLOW! Rank 0 Skipping step. Attempted loss scale: 268435456, reducing to 134217728
[2023-08-30 23:49:19,225] [INFO] [loss_scaler.py:183:update_scale] [deepspeed] OVERFLOW! Rank 0 Skipping step. Attempted loss scale: 134217728, reducing to 67108864
STAGE:2023-08-30 23:49:20 434280:434280 ActivityProfilerController.cpp:318] Completed Stage: Collection
STAGE:2023-08-30 23:49:21 434280:434280 ActivityProfilerController.cpp:322] Completed Stage: Post Processing
